

Microchip MPLAB XC8 Assembler V2.46 build 20240104201356 
                                                                                               Wed Oct 23 07:56:14 2024

Microchip MPLAB XC8 C Compiler v2.46 (Free license) build 20240104201356 Og1 
     1                           	processor	16F1783
     2                           	pagewidth 120
     3                           	opt	flic
     4                           	psect	cinit,global,class=CODE,merge=1,delta=2
     5                           	psect	cstackCOMMON,global,class=COMMON,space=1,delta=1,noexec
     6                           	psect	cstackBANK0,global,class=BANK0,space=1,delta=1,noexec
     7                           	psect	maintext,global,class=CODE,merge=1,split=1,delta=2
     8                           	psect	text1,local,class=CODE,merge=1,delta=2
     9                           	psect	text2,local,class=CODE,merge=1,delta=2
    10                           	psect	text3,local,class=CODE,merge=1,delta=2
    11                           	psect	text4,local,class=CODE,merge=1,delta=2
    12                           	psect	text5,local,class=CODE,merge=1,delta=2
    13                           	psect	text6,local,class=CODE,merge=1,delta=2
    14                           	psect	text7,local,class=CODE,merge=1,delta=2
    15                           	psect	config,global,abs,ovrld,class=CONFIG,space=4,delta=2,noexec
    16                           	dabs	1,0x7E,2
    17     0000                     
    18                           ; Generated 07/09/2023 GMT
    19                           ; 
    20                           ; Copyright © 2023, Microchip Technology Inc. and its subsidiaries ("Microchip")
    21                           ; All rights reserved.
    22                           ; 
    23                           ; This software is developed by Microchip Technology Inc. and its subsidiaries ("Microch
      +                          ip").
    24                           ; 
    25                           ; Redistribution and use in source and binary forms, with or without modification, are
    26                           ; permitted provided that the following conditions are met:
    27                           ; 
    28                           ;     1. Redistributions of source code must retain the above copyright notice, this lis
      +                          t of
    29                           ;        conditions and the following disclaimer.
    30                           ; 
    31                           ;     2. Redistributions in binary form must reproduce the above copyright notice, this 
      +                          list
    32                           ;        of conditions and the following disclaimer in the documentation and/or other
    33                           ;        materials provided with the distribution. Publication is not required when
    34                           ;        this file is used in an embedded application.
    35                           ; 
    36                           ;     3. Microchip's name may not be used to endorse or promote products derived from th
      +                          is
    37                           ;        software without specific prior written permission.
    38                           ; 
    39                           ; THIS SOFTWARE IS PROVIDED BY MICROCHIP "AS IS" AND ANY EXPRESS OR IMPLIED WARRANTIES,
    40                           ; INCLUDING, BUT NOT LIMITED TO, THE IMPLIED WARRANTIES OF MERCHANTABILITY AND FITNESS F
      +                          OR
    41                           ; PURPOSE ARE DISCLAIMED.  IN NO EVENT SHALL MICROCHIP BE LIABLE FOR ANY DIRECT, INDIREC
      +                          T,
    42                           ; INCIDENTAL, SPECIAL, EXEMPLARY, OR CONSEQUENTIAL DAMAGES (INCLUDING BUT NOT LIMITED TO
    43                           ; PROCUREMENT OF SUBSTITUTE GOODS OR SERVICES; LOSS OF USE, DATA OR PROFITS; OR BUSINESS
    44                           ; INTERRUPTION) HOWSOEVER CAUSED AND ON ANY THEORY OF LIABILITY, WHETHER IN CONTRACT, ST
      +                          RICT
    45                           ; LIABILITY, OR TORT (INCLUDING NEGLIGENCE OR OTHERWISE) ARISING IN ANY WAY OUT OF THE U
      +                          SE OF
    46                           ; THIS SOFTWARE, EVEN IF ADVISED OF THE POSSIBILITY OF SUCH DAMAGE.
    47                           ; 
    48                           ; 
    49                           ; Code-generator required, PIC16F1783 Definitions
    50                           ; 
    51                           ; SFR Addresses
    52     0000                     	;# 
    53     0001                     	;# 
    54     0002                     	;# 
    55     0003                     	;# 
    56     0004                     	;# 
    57     0005                     	;# 
    58     0006                     	;# 
    59     0007                     	;# 
    60     0008                     	;# 
    61     0009                     	;# 
    62     000A                     	;# 
    63     000B                     	;# 
    64     000C                     	;# 
    65     000D                     	;# 
    66     000E                     	;# 
    67     0010                     	;# 
    68     0011                     	;# 
    69     0012                     	;# 
    70     0014                     	;# 
    71     0015                     	;# 
    72     0016                     	;# 
    73     0016                     	;# 
    74     0017                     	;# 
    75     0018                     	;# 
    76     0019                     	;# 
    77     001A                     	;# 
    78     001B                     	;# 
    79     001C                     	;# 
    80     008C                     	;# 
    81     008D                     	;# 
    82     008E                     	;# 
    83     0090                     	;# 
    84     0091                     	;# 
    85     0092                     	;# 
    86     0094                     	;# 
    87     0095                     	;# 
    88     0096                     	;# 
    89     0097                     	;# 
    90     0098                     	;# 
    91     0099                     	;# 
    92     009A                     	;# 
    93     009B                     	;# 
    94     009B                     	;# 
    95     009C                     	;# 
    96     009D                     	;# 
    97     009E                     	;# 
    98     009F                     	;# 
    99     010C                     	;# 
   100     010D                     	;# 
   101     010E                     	;# 
   102     0111                     	;# 
   103     0112                     	;# 
   104     0113                     	;# 
   105     0114                     	;# 
   106     0115                     	;# 
   107     0116                     	;# 
   108     0117                     	;# 
   109     0118                     	;# 
   110     0119                     	;# 
   111     011D                     	;# 
   112     011D                     	;# 
   113     011E                     	;# 
   114     011F                     	;# 
   115     018C                     	;# 
   116     018D                     	;# 
   117     0191                     	;# 
   118     0191                     	;# 
   119     0192                     	;# 
   120     0193                     	;# 
   121     0193                     	;# 
   122     0193                     	;# 
   123     0194                     	;# 
   124     0195                     	;# 
   125     0196                     	;# 
   126     0197                     	;# 
   127     0199                     	;# 
   128     0199                     	;# 
   129     0199                     	;# 
   130     019A                     	;# 
   131     019A                     	;# 
   132     019A                     	;# 
   133     019B                     	;# 
   134     019B                     	;# 
   135     019B                     	;# 
   136     019B                     	;# 
   137     019B                     	;# 
   138     019C                     	;# 
   139     019C                     	;# 
   140     019C                     	;# 
   141     019D                     	;# 
   142     019D                     	;# 
   143     019D                     	;# 
   144     019E                     	;# 
   145     019E                     	;# 
   146     019E                     	;# 
   147     019F                     	;# 
   148     019F                     	;# 
   149     019F                     	;# 
   150     019F                     	;# 
   151     019F                     	;# 
   152     020C                     	;# 
   153     020D                     	;# 
   154     020E                     	;# 
   155     0210                     	;# 
   156     0211                     	;# 
   157     0211                     	;# 
   158     0212                     	;# 
   159     0212                     	;# 
   160     0213                     	;# 
   161     0213                     	;# 
   162     0214                     	;# 
   163     0214                     	;# 
   164     0215                     	;# 
   165     0215                     	;# 
   166     0215                     	;# 
   167     0216                     	;# 
   168     0216                     	;# 
   169     0217                     	;# 
   170     0217                     	;# 
   171     028C                     	;# 
   172     028D                     	;# 
   173     028E                     	;# 
   174     0291                     	;# 
   175     0291                     	;# 
   176     0292                     	;# 
   177     0293                     	;# 
   178     0298                     	;# 
   179     0298                     	;# 
   180     0299                     	;# 
   181     029A                     	;# 
   182     030C                     	;# 
   183     030D                     	;# 
   184     030E                     	;# 
   185     038C                     	;# 
   186     038D                     	;# 
   187     038E                     	;# 
   188     0390                     	;# 
   189     0391                     	;# 
   190     0392                     	;# 
   191     0393                     	;# 
   192     0394                     	;# 
   193     0395                     	;# 
   194     0396                     	;# 
   195     0397                     	;# 
   196     0398                     	;# 
   197     0399                     	;# 
   198     039D                     	;# 
   199     039E                     	;# 
   200     039F                     	;# 
   201     0511                     	;# 
   202     0513                     	;# 
   203     051A                     	;# 
   204     0811                     	;# 
   205     0812                     	;# 
   206     0813                     	;# 
   207     0814                     	;# 
   208     0815                     	;# 
   209     0816                     	;# 
   210     0817                     	;# 
   211     0818                     	;# 
   212     0819                     	;# 
   213     081A                     	;# 
   214     081B                     	;# 
   215     081C                     	;# 
   216     081D                     	;# 
   217     081E                     	;# 
   218     081F                     	;# 
   219     0820                     	;# 
   220     0821                     	;# 
   221     0821                     	;# 
   222     0822                     	;# 
   223     0823                     	;# 
   224     0823                     	;# 
   225     0824                     	;# 
   226     0825                     	;# 
   227     0825                     	;# 
   228     0826                     	;# 
   229     0827                     	;# 
   230     0827                     	;# 
   231     0828                     	;# 
   232     0829                     	;# 
   233     082A                     	;# 
   234     082B                     	;# 
   235     082C                     	;# 
   236     082D                     	;# 
   237     082E                     	;# 
   238     082F                     	;# 
   239     0831                     	;# 
   240     0832                     	;# 
   241     0833                     	;# 
   242     0834                     	;# 
   243     0835                     	;# 
   244     0836                     	;# 
   245     0837                     	;# 
   246     0838                     	;# 
   247     0839                     	;# 
   248     083A                     	;# 
   249     083B                     	;# 
   250     083C                     	;# 
   251     083D                     	;# 
   252     083E                     	;# 
   253     083F                     	;# 
   254     0840                     	;# 
   255     0841                     	;# 
   256     0841                     	;# 
   257     0842                     	;# 
   258     0843                     	;# 
   259     0843                     	;# 
   260     0844                     	;# 
   261     0845                     	;# 
   262     0845                     	;# 
   263     0846                     	;# 
   264     0847                     	;# 
   265     0847                     	;# 
   266     0848                     	;# 
   267     0849                     	;# 
   268     084A                     	;# 
   269     084B                     	;# 
   270     084C                     	;# 
   271     084D                     	;# 
   272     084E                     	;# 
   273     084F                     	;# 
   274     0FE4                     	;# 
   275     0FE5                     	;# 
   276     0FE6                     	;# 
   277     0FE7                     	;# 
   278     0FE8                     	;# 
   279     0FE9                     	;# 
   280     0FEA                     	;# 
   281     0FEB                     	;# 
   282     0FED                     	;# 
   283     0FEE                     	;# 
   284     0FEF                     	;# 
   285     0000                     	;# 
   286     0001                     	;# 
   287     0002                     	;# 
   288     0003                     	;# 
   289     0004                     	;# 
   290     0005                     	;# 
   291     0006                     	;# 
   292     0007                     	;# 
   293     0008                     	;# 
   294     0009                     	;# 
   295     000A                     	;# 
   296     000B                     	;# 
   297     000C                     	;# 
   298     000D                     	;# 
   299     000E                     	;# 
   300     0010                     	;# 
   301     0011                     	;# 
   302     0012                     	;# 
   303     0014                     	;# 
   304     0015                     	;# 
   305     0016                     	;# 
   306     0016                     	;# 
   307     0017                     	;# 
   308     0018                     	;# 
   309     0019                     	;# 
   310     001A                     	;# 
   311     001B                     	;# 
   312     001C                     	;# 
   313     008C                     	;# 
   314     008D                     	;# 
   315     008E                     	;# 
   316     0090                     	;# 
   317     0091                     	;# 
   318     0092                     	;# 
   319     0094                     	;# 
   320     0095                     	;# 
   321     0096                     	;# 
   322     0097                     	;# 
   323     0098                     	;# 
   324     0099                     	;# 
   325     009A                     	;# 
   326     009B                     	;# 
   327     009B                     	;# 
   328     009C                     	;# 
   329     009D                     	;# 
   330     009E                     	;# 
   331     009F                     	;# 
   332     010C                     	;# 
   333     010D                     	;# 
   334     010E                     	;# 
   335     0111                     	;# 
   336     0112                     	;# 
   337     0113                     	;# 
   338     0114                     	;# 
   339     0115                     	;# 
   340     0116                     	;# 
   341     0117                     	;# 
   342     0118                     	;# 
   343     0119                     	;# 
   344     011D                     	;# 
   345     011D                     	;# 
   346     011E                     	;# 
   347     011F                     	;# 
   348     018C                     	;# 
   349     018D                     	;# 
   350     0191                     	;# 
   351     0191                     	;# 
   352     0192                     	;# 
   353     0193                     	;# 
   354     0193                     	;# 
   355     0193                     	;# 
   356     0194                     	;# 
   357     0195                     	;# 
   358     0196                     	;# 
   359     0197                     	;# 
   360     0199                     	;# 
   361     0199                     	;# 
   362     0199                     	;# 
   363     019A                     	;# 
   364     019A                     	;# 
   365     019A                     	;# 
   366     019B                     	;# 
   367     019B                     	;# 
   368     019B                     	;# 
   369     019B                     	;# 
   370     019B                     	;# 
   371     019C                     	;# 
   372     019C                     	;# 
   373     019C                     	;# 
   374     019D                     	;# 
   375     019D                     	;# 
   376     019D                     	;# 
   377     019E                     	;# 
   378     019E                     	;# 
   379     019E                     	;# 
   380     019F                     	;# 
   381     019F                     	;# 
   382     019F                     	;# 
   383     019F                     	;# 
   384     019F                     	;# 
   385     020C                     	;# 
   386     020D                     	;# 
   387     020E                     	;# 
   388     0210                     	;# 
   389     0211                     	;# 
   390     0211                     	;# 
   391     0212                     	;# 
   392     0212                     	;# 
   393     0213                     	;# 
   394     0213                     	;# 
   395     0214                     	;# 
   396     0214                     	;# 
   397     0215                     	;# 
   398     0215                     	;# 
   399     0215                     	;# 
   400     0216                     	;# 
   401     0216                     	;# 
   402     0217                     	;# 
   403     0217                     	;# 
   404     028C                     	;# 
   405     028D                     	;# 
   406     028E                     	;# 
   407     0291                     	;# 
   408     0291                     	;# 
   409     0292                     	;# 
   410     0293                     	;# 
   411     0298                     	;# 
   412     0298                     	;# 
   413     0299                     	;# 
   414     029A                     	;# 
   415     030C                     	;# 
   416     030D                     	;# 
   417     030E                     	;# 
   418     038C                     	;# 
   419     038D                     	;# 
   420     038E                     	;# 
   421     0390                     	;# 
   422     0391                     	;# 
   423     0392                     	;# 
   424     0393                     	;# 
   425     0394                     	;# 
   426     0395                     	;# 
   427     0396                     	;# 
   428     0397                     	;# 
   429     0398                     	;# 
   430     0399                     	;# 
   431     039D                     	;# 
   432     039E                     	;# 
   433     039F                     	;# 
   434     0511                     	;# 
   435     0513                     	;# 
   436     051A                     	;# 
   437     0811                     	;# 
   438     0812                     	;# 
   439     0813                     	;# 
   440     0814                     	;# 
   441     0815                     	;# 
   442     0816                     	;# 
   443     0817                     	;# 
   444     0818                     	;# 
   445     0819                     	;# 
   446     081A                     	;# 
   447     081B                     	;# 
   448     081C                     	;# 
   449     081D                     	;# 
   450     081E                     	;# 
   451     081F                     	;# 
   452     0820                     	;# 
   453     0821                     	;# 
   454     0821                     	;# 
   455     0822                     	;# 
   456     0823                     	;# 
   457     0823                     	;# 
   458     0824                     	;# 
   459     0825                     	;# 
   460     0825                     	;# 
   461     0826                     	;# 
   462     0827                     	;# 
   463     0827                     	;# 
   464     0828                     	;# 
   465     0829                     	;# 
   466     082A                     	;# 
   467     082B                     	;# 
   468     082C                     	;# 
   469     082D                     	;# 
   470     082E                     	;# 
   471     082F                     	;# 
   472     0831                     	;# 
   473     0832                     	;# 
   474     0833                     	;# 
   475     0834                     	;# 
   476     0835                     	;# 
   477     0836                     	;# 
   478     0837                     	;# 
   479     0838                     	;# 
   480     0839                     	;# 
   481     083A                     	;# 
   482     083B                     	;# 
   483     083C                     	;# 
   484     083D                     	;# 
   485     083E                     	;# 
   486     083F                     	;# 
   487     0840                     	;# 
   488     0841                     	;# 
   489     0841                     	;# 
   490     0842                     	;# 
   491     0843                     	;# 
   492     0843                     	;# 
   493     0844                     	;# 
   494     0845                     	;# 
   495     0845                     	;# 
   496     0846                     	;# 
   497     0847                     	;# 
   498     0847                     	;# 
   499     0848                     	;# 
   500     0849                     	;# 
   501     084A                     	;# 
   502     084B                     	;# 
   503     084C                     	;# 
   504     084D                     	;# 
   505     084E                     	;# 
   506     084F                     	;# 
   507     0FE4                     	;# 
   508     0FE5                     	;# 
   509     0FE6                     	;# 
   510     0FE7                     	;# 
   511     0FE8                     	;# 
   512     0FE9                     	;# 
   513     0FEA                     	;# 
   514     0FEB                     	;# 
   515     0FED                     	;# 
   516     0FEE                     	;# 
   517     0FEF                     	;# 
   518     0000                     	;# 
   519     0001                     	;# 
   520     0002                     	;# 
   521     0003                     	;# 
   522     0004                     	;# 
   523     0005                     	;# 
   524     0006                     	;# 
   525     0007                     	;# 
   526     0008                     	;# 
   527     0009                     	;# 
   528     000A                     	;# 
   529     000B                     	;# 
   530     000C                     	;# 
   531     000D                     	;# 
   532     000E                     	;# 
   533     0010                     	;# 
   534     0011                     	;# 
   535     0012                     	;# 
   536     0014                     	;# 
   537     0015                     	;# 
   538     0016                     	;# 
   539     0016                     	;# 
   540     0017                     	;# 
   541     0018                     	;# 
   542     0019                     	;# 
   543     001A                     	;# 
   544     001B                     	;# 
   545     001C                     	;# 
   546     008C                     	;# 
   547     008D                     	;# 
   548     008E                     	;# 
   549     0090                     	;# 
   550     0091                     	;# 
   551     0092                     	;# 
   552     0094                     	;# 
   553     0095                     	;# 
   554     0096                     	;# 
   555     0097                     	;# 
   556     0098                     	;# 
   557     0099                     	;# 
   558     009A                     	;# 
   559     009B                     	;# 
   560     009B                     	;# 
   561     009C                     	;# 
   562     009D                     	;# 
   563     009E                     	;# 
   564     009F                     	;# 
   565     010C                     	;# 
   566     010D                     	;# 
   567     010E                     	;# 
   568     0111                     	;# 
   569     0112                     	;# 
   570     0113                     	;# 
   571     0114                     	;# 
   572     0115                     	;# 
   573     0116                     	;# 
   574     0117                     	;# 
   575     0118                     	;# 
   576     0119                     	;# 
   577     011D                     	;# 
   578     011D                     	;# 
   579     011E                     	;# 
   580     011F                     	;# 
   581     018C                     	;# 
   582     018D                     	;# 
   583     0191                     	;# 
   584     0191                     	;# 
   585     0192                     	;# 
   586     0193                     	;# 
   587     0193                     	;# 
   588     0193                     	;# 
   589     0194                     	;# 
   590     0195                     	;# 
   591     0196                     	;# 
   592     0197                     	;# 
   593     0199                     	;# 
   594     0199                     	;# 
   595     0199                     	;# 
   596     019A                     	;# 
   597     019A                     	;# 
   598     019A                     	;# 
   599     019B                     	;# 
   600     019B                     	;# 
   601     019B                     	;# 
   602     019B                     	;# 
   603     019B                     	;# 
   604     019C                     	;# 
   605     019C                     	;# 
   606     019C                     	;# 
   607     019D                     	;# 
   608     019D                     	;# 
   609     019D                     	;# 
   610     019E                     	;# 
   611     019E                     	;# 
   612     019E                     	;# 
   613     019F                     	;# 
   614     019F                     	;# 
   615     019F                     	;# 
   616     019F                     	;# 
   617     019F                     	;# 
   618     020C                     	;# 
   619     020D                     	;# 
   620     020E                     	;# 
   621     0210                     	;# 
   622     0211                     	;# 
   623     0211                     	;# 
   624     0212                     	;# 
   625     0212                     	;# 
   626     0213                     	;# 
   627     0213                     	;# 
   628     0214                     	;# 
   629     0214                     	;# 
   630     0215                     	;# 
   631     0215                     	;# 
   632     0215                     	;# 
   633     0216                     	;# 
   634     0216                     	;# 
   635     0217                     	;# 
   636     0217                     	;# 
   637     028C                     	;# 
   638     028D                     	;# 
   639     028E                     	;# 
   640     0291                     	;# 
   641     0291                     	;# 
   642     0292                     	;# 
   643     0293                     	;# 
   644     0298                     	;# 
   645     0298                     	;# 
   646     0299                     	;# 
   647     029A                     	;# 
   648     030C                     	;# 
   649     030D                     	;# 
   650     030E                     	;# 
   651     038C                     	;# 
   652     038D                     	;# 
   653     038E                     	;# 
   654     0390                     	;# 
   655     0391                     	;# 
   656     0392                     	;# 
   657     0393                     	;# 
   658     0394                     	;# 
   659     0395                     	;# 
   660     0396                     	;# 
   661     0397                     	;# 
   662     0398                     	;# 
   663     0399                     	;# 
   664     039D                     	;# 
   665     039E                     	;# 
   666     039F                     	;# 
   667     0511                     	;# 
   668     0513                     	;# 
   669     051A                     	;# 
   670     0811                     	;# 
   671     0812                     	;# 
   672     0813                     	;# 
   673     0814                     	;# 
   674     0815                     	;# 
   675     0816                     	;# 
   676     0817                     	;# 
   677     0818                     	;# 
   678     0819                     	;# 
   679     081A                     	;# 
   680     081B                     	;# 
   681     081C                     	;# 
   682     081D                     	;# 
   683     081E                     	;# 
   684     081F                     	;# 
   685     0820                     	;# 
   686     0821                     	;# 
   687     0821                     	;# 
   688     0822                     	;# 
   689     0823                     	;# 
   690     0823                     	;# 
   691     0824                     	;# 
   692     0825                     	;# 
   693     0825                     	;# 
   694     0826                     	;# 
   695     0827                     	;# 
   696     0827                     	;# 
   697     0828                     	;# 
   698     0829                     	;# 
   699     082A                     	;# 
   700     082B                     	;# 
   701     082C                     	;# 
   702     082D                     	;# 
   703     082E                     	;# 
   704     082F                     	;# 
   705     0831                     	;# 
   706     0832                     	;# 
   707     0833                     	;# 
   708     0834                     	;# 
   709     0835                     	;# 
   710     0836                     	;# 
   711     0837                     	;# 
   712     0838                     	;# 
   713     0839                     	;# 
   714     083A                     	;# 
   715     083B                     	;# 
   716     083C                     	;# 
   717     083D                     	;# 
   718     083E                     	;# 
   719     083F                     	;# 
   720     0840                     	;# 
   721     0841                     	;# 
   722     0841                     	;# 
   723     0842                     	;# 
   724     0843                     	;# 
   725     0843                     	;# 
   726     0844                     	;# 
   727     0845                     	;# 
   728     0845                     	;# 
   729     0846                     	;# 
   730     0847                     	;# 
   731     0847                     	;# 
   732     0848                     	;# 
   733     0849                     	;# 
   734     084A                     	;# 
   735     084B                     	;# 
   736     084C                     	;# 
   737     084D                     	;# 
   738     084E                     	;# 
   739     084F                     	;# 
   740     0FE4                     	;# 
   741     0FE5                     	;# 
   742     0FE6                     	;# 
   743     0FE7                     	;# 
   744     0FE8                     	;# 
   745     0FE9                     	;# 
   746     0FEA                     	;# 
   747     0FEB                     	;# 
   748     0FED                     	;# 
   749     0FEE                     	;# 
   750     0FEF                     	;# 
   751     000D                     _PORTBbits	set	13
   752     008D                     _TRISB	set	141
   753     008C                     _TRISA	set	140
   754     010C                     _LATAbits	set	268
   755     010C                     _LATA	set	268
   756     018D                     _ANSELB	set	397
   757     018C                     _ANSELA	set	396
   758                           
   759                           	psect	cinit
   760     07FD                     start_initialization:	
   761                           ; #config settings
   762                           
   763     07FD                     __initialization:
   764     07FD                     end_of_initialization:	
   765                           ;End of C runtime variable initialization code
   766                           
   767     07FD                     __end_of__initialization:
   768     07FD  0020               	movlb	0
   769     07FE  3186  2ED0         	ljmp	_main	;jump to C main() function
   770                           
   771                           	psect	cstackCOMMON
   772     0070                     __pcstackCOMMON:
   773     0070                     ?_programInitialize:
   774     0070                     ??_programInitialize:	
   775                           ; 1 bytes @ 0x0
   776                           
   777     0070                     ?_programLoop:	
   778                           ; 1 bytes @ 0x0
   779                           
   780     0070                     ?_main:	
   781                           ; 1 bytes @ 0x0
   782                           
   783     0070                     ?_delay_x1o5us:	
   784                           ; 1 bytes @ 0x0
   785                           
   786     0070                     ??_delay_x1o5us:	
   787                           ; 1 bytes @ 0x0
   788                           
   789     0070                     ?_ledMatrix_AllOff:	
   790                           ; 1 bytes @ 0x0
   791                           
   792     0070                     ??_ledMatrix_AllOff:	
   793                           ; 1 bytes @ 0x0
   794                           
   795                           
   796                           ; 1 bytes @ 0x0
   797     0070                     	ds	1
   798     0071                     delay_x1o5us@delay:
   799                           
   800                           ; 1 bytes @ 0x1
   801     0071                     	ds	1
   802     0072                     delay_x1o5us@i:
   803                           
   804                           ; 1 bytes @ 0x2
   805     0072                     	ds	1
   806     0073                     ?_delay_x24o25us:
   807     0073                     delay_x24o25us@delay:	
   808                           ; 1 bytes @ 0x3
   809                           
   810                           
   811                           ; 2 bytes @ 0x3
   812     0073                     	ds	2
   813     0075                     ??_delay_x24o25us:
   814     0075                     delay_x24o25us@i:	
   815                           ; 1 bytes @ 0x5
   816                           
   817                           
   818                           ; 2 bytes @ 0x5
   819     0075                     	ds	2
   820     0077                     ?_delay_ms:
   821     0077                     ?_ledMatrix_SetDisplay:	
   822                           ; 1 bytes @ 0x7
   823                           
   824     0077                     ledMatrix_SetDisplay@ledWord:	
   825                           ; 1 bytes @ 0x7
   826                           
   827     0077                     delay_ms@delay:	
   828                           ; 2 bytes @ 0x7
   829                           
   830                           
   831                           ; 4 bytes @ 0x7
   832     0077                     	ds	2
   833     0079                     ??_ledMatrix_SetDisplay:
   834     0079                     programLoop@input:	
   835                           ; 1 bytes @ 0x9
   836                           
   837                           
   838                           ; 2 bytes @ 0x9
   839     0079                     	ds	2
   840     007B                     ??_delay_ms:
   841     007B                     ??_main:	
   842                           ; 1 bytes @ 0xB
   843                           
   844                           
   845                           	psect	cstackBANK0
   846     0020                     __pcstackBANK0:	
   847                           ; 1 bytes @ 0xB
   848                           
   849     0020                     ??_programLoop:
   850     0020                     delay_ms@i:	
   851                           ; 1 bytes @ 0x0
   852                           
   853                           
   854                           ; 4 bytes @ 0x0
   855     0020                     	ds	23
   856                           
   857                           	psect	maintext
   858     06D0                     __pmaintext:	
   859 ;;
   860 ;;Main: autosize = 0, tempsize = 0, incstack = 0, save=0
   861 ;;
   862 ;; *************** function _main *****************
   863 ;; Defined at:
   864 ;;		line 26 in file "main.c"
   865 ;; Parameters:    Size  Location     Type
   866 ;;		None
   867 ;; Auto vars:     Size  Location     Type
   868 ;;		None
   869 ;; Return value:  Size  Location     Type
   870 ;;                  1    wreg      void 
   871 ;; Registers used:
   872 ;;		wreg, status,2, status,0, pclath, cstack
   873 ;; Tracked objects:
   874 ;;		On entry : B1F/0
   875 ;;		On exit  : 0/0
   876 ;;		Unchanged: 0/0
   877 ;; Data sizes:     COMMON   BANK0   BANK1   BANK2   BANK3   BANK4   BANK5
   878 ;;      Params:         0       0       0       0       0       0       0
   879 ;;      Locals:         0       0       0       0       0       0       0
   880 ;;      Temps:          0       0       0       0       0       0       0
   881 ;;      Totals:         0       0       0       0       0       0       0
   882 ;;Total ram usage:        0 bytes
   883 ;; Hardware stack levels required when called: 4
   884 ;; This function calls:
   885 ;;		_delay_ms
   886 ;;		_programInitialize
   887 ;;		_programLoop
   888 ;; This function is called by:
   889 ;;		Startup code after reset
   890 ;; This function uses a non-reentrant model
   891 ;;
   892                           
   893     06D0                     _main:	
   894                           ;psect for function _main
   895                           
   896     06D0                     l824:	
   897                           ;incstack = 0
   898                           ; Regs used in _main: [wreg+status,2+status,0+pclath+cstack]
   899                           
   900                           
   901                           ;main.c: 27:     delay_ms(100);
   902     06D0  3000               	movlw	0
   903     06D1  00FA               	movwf	delay_ms@delay+3
   904     06D2  3000               	movlw	0
   905     06D3  00F9               	movwf	delay_ms@delay+2
   906     06D4  3000               	movlw	0
   907     06D5  00F8               	movwf	delay_ms@delay+1
   908     06D6  3064               	movlw	100
   909     06D7  00F7               	movwf	delay_ms@delay
   910     06D8  3186  26EF  3186   	fcall	_delay_ms
   911                           
   912                           ;main.c: 28:     delay_ms(141);
   913     06DB  3000               	movlw	0
   914     06DC  00FA               	movwf	delay_ms@delay+3
   915     06DD  3000               	movlw	0
   916     06DE  00F9               	movwf	delay_ms@delay+2
   917     06DF  3000               	movlw	0
   918     06E0  00F8               	movwf	delay_ms@delay+1
   919     06E1  308D               	movlw	141
   920     06E2  00F7               	movwf	delay_ms@delay
   921     06E3  3186  26EF  3186   	fcall	_delay_ms
   922                           
   923                           ;main.c: 30:     programInitialize();
   924     06E6  3186  269F  3186   	fcall	_programInitialize
   925     06E9                     l11:	
   926                           ;main.c: 32:     while(1) {
   927                           
   928                           
   929                           ;main.c: 33:         programLoop();
   930     06E9  3187  278C  3186   	fcall	_programLoop
   931     06EC  2EE9               	goto	l11
   932     06ED  3180  2802         	ljmp	start
   933     06EF                     __end_of_main:
   934                           
   935                           	psect	text1
   936     078C                     __ptext1:	
   937 ;; *************** function _programLoop *****************
   938 ;; Defined at:
   939 ;;		line 30 in file "program.c"
   940 ;; Parameters:    Size  Location     Type
   941 ;;		None
   942 ;; Auto vars:     Size  Location     Type
   943 ;;  input           2    9[COMMON] unsigned short 
   944 ;; Return value:  Size  Location     Type
   945 ;;                  1    wreg      void 
   946 ;; Registers used:
   947 ;;		wreg, status,2, status,0, pclath, cstack
   948 ;; Tracked objects:
   949 ;;		On entry : 0/0
   950 ;;		On exit  : 0/0
   951 ;;		Unchanged: 0/0
   952 ;; Data sizes:     COMMON   BANK0   BANK1   BANK2   BANK3   BANK4   BANK5
   953 ;;      Params:         0       0       0       0       0       0       0
   954 ;;      Locals:         2       0       0       0       0       0       0
   955 ;;      Temps:          0      23       0       0       0       0       0
   956 ;;      Totals:         2      23       0       0       0       0       0
   957 ;;Total ram usage:       25 bytes
   958 ;; Hardware stack levels used: 1
   959 ;; Hardware stack levels required when called: 3
   960 ;; This function calls:
   961 ;;		_ledMatrix_SetDisplay
   962 ;; This function is called by:
   963 ;;		_main
   964 ;; This function uses a non-reentrant model
   965 ;;
   966                           
   967     078C                     _programLoop:	
   968                           ;psect for function _programLoop
   969                           
   970     078C                     l820:	
   971                           ;incstack = 0
   972                           ; Regs used in _programLoop: [wreg+status,2+status,0+pclath+cstack]
   973                           
   974                           
   975                           ;program.c: 32:     uint16_t input = (uint16_t)(!PORTBbits.RB1 << 8) | (uint16_t)(!PORTB
      +                          bits.RB0 << 7) |
   976     078C  1003               	clrc
   977     078D  0020               	movlb	0	; select bank0
   978     078E  1D0D               	btfss	13,2	;volatile
   979     078F  1403               	setc
   980     0790  3000               	movlw	0
   981     0791  3D09               	addwfc	9,w
   982     0792  00A0               	movwf	??_programLoop
   983     0793  01A1               	clrf	??_programLoop+1
   984     0794  35A0               	lslf	??_programLoop,f
   985     0795  0DA1               	rlf	??_programLoop+1,f
   986     0796  1003               	clrc
   987     0797  1D8D               	btfss	13,3	;volatile
   988     0798  1403               	setc
   989     0799  3000               	movlw	0
   990     079A  3D09               	addwfc	9,w
   991     079B  00A2               	movwf	??_programLoop+2
   992     079C  01A3               	clrf	??_programLoop+3
   993     079D  35A2               	lslf	??_programLoop+2,f
   994     079E  0DA3               	rlf	??_programLoop+3,f
   995     079F  35A2               	lslf	??_programLoop+2,f
   996     07A0  0DA3               	rlf	??_programLoop+3,f
   997     07A1  1003               	clrc
   998     07A2  1E0D               	btfss	13,4	;volatile
   999     07A3  1403               	setc
  1000     07A4  3000               	movlw	0
  1001     07A5  3D09               	addwfc	9,w
  1002     07A6  00A4               	movwf	??_programLoop+4
  1003     07A7  01A5               	clrf	??_programLoop+5
  1004     07A8  0EA4               	swapf	??_programLoop+4,f
  1005     07A9  0EA5               	swapf	??_programLoop+5,f
  1006     07AA  30F0               	movlw	240
  1007     07AB  05A5               	andwf	??_programLoop+5,f
  1008     07AC  0824               	movf	??_programLoop+4,w
  1009     07AD  390F               	andlw	15
  1010     07AE  04A5               	iorwf	??_programLoop+5,f
  1011     07AF  30F0               	movlw	240
  1012     07B0  05A4               	andwf	??_programLoop+4,f
  1013     07B1  1003               	clrc
  1014     07B2  1E8D               	btfss	13,5	;volatile
  1015     07B3  1403               	setc
  1016     07B4  3000               	movlw	0
  1017     07B5  3D09               	addwfc	9,w
  1018     07B6  00A6               	movwf	??_programLoop+6
  1019     07B7  01A7               	clrf	??_programLoop+7
  1020     07B8  3005               	movlw	5
  1021     07B9                     u455:
  1022     07B9  35A6               	lslf	??_programLoop+6,f
  1023     07BA  0DA7               	rlf	??_programLoop+7,f
  1024     07BB  0B89               	decfsz	9,f
  1025     07BC  2FB9               	goto	u455
  1026     07BD  1003               	clrc
  1027     07BE  1C0D               	btfss	13,0	;volatile
  1028     07BF  1403               	setc
  1029     07C0  3000               	movlw	0
  1030     07C1  3D09               	addwfc	9,w
  1031     07C2  00A8               	movwf	??_programLoop+8
  1032     07C3  01A9               	clrf	??_programLoop+9
  1033     07C4  3007               	movlw	7
  1034     07C5                     u465:
  1035     07C5  35A8               	lslf	??_programLoop+8,f
  1036     07C6  0DA9               	rlf	??_programLoop+9,f
  1037     07C7  0B89               	decfsz	9,f
  1038     07C8  2FC5               	goto	u465
  1039     07C9  1003               	clrc
  1040     07CA  1C8D               	btfss	13,1	;volatile
  1041     07CB  1403               	setc
  1042     07CC  3000               	movlw	0
  1043     07CD  3D09               	addwfc	9,w
  1044     07CE  00AA               	movwf	??_programLoop+10
  1045     07CF  01AB               	clrf	??_programLoop+11
  1046     07D0  082A               	movf	??_programLoop+10,w
  1047     07D1  00AB               	movwf	??_programLoop+11
  1048     07D2  01AA               	clrf	??_programLoop+10
  1049     07D3  0828               	movf	??_programLoop+8,w
  1050     07D4  042A               	iorwf	??_programLoop+10,w
  1051     07D5  00AD               	movwf	??_programLoop+13
  1052     07D6  0829               	movf	??_programLoop+9,w
  1053     07D7  042B               	iorwf	??_programLoop+11,w
  1054     07D8  00AE               	movwf	??_programLoop+14
  1055     07D9  0826               	movf	??_programLoop+6,w
  1056     07DA  042D               	iorwf	??_programLoop+13,w
  1057     07DB  00AF               	movwf	??_programLoop+15
  1058     07DC  0827               	movf	??_programLoop+7,w
  1059     07DD  042E               	iorwf	??_programLoop+14,w
  1060     07DE  00B0               	movwf	??_programLoop+16
  1061     07DF  0824               	movf	??_programLoop+4,w
  1062     07E0  042F               	iorwf	??_programLoop+15,w
  1063     07E1  00B1               	movwf	??_programLoop+17
  1064     07E2  0825               	movf	??_programLoop+5,w
  1065     07E3  0430               	iorwf	??_programLoop+16,w
  1066     07E4  00B2               	movwf	??_programLoop+18
  1067     07E5  0822               	movf	??_programLoop+2,w
  1068     07E6  0431               	iorwf	??_programLoop+17,w
  1069     07E7  00B3               	movwf	??_programLoop+19
  1070     07E8  0823               	movf	??_programLoop+3,w
  1071     07E9  0432               	iorwf	??_programLoop+18,w
  1072     07EA  00B4               	movwf	??_programLoop+20
  1073     07EB  0820               	movf	??_programLoop,w
  1074     07EC  0433               	iorwf	??_programLoop+19,w
  1075     07ED  00B5               	movwf	??_programLoop+21
  1076     07EE  0821               	movf	??_programLoop+1,w
  1077     07EF  0434               	iorwf	??_programLoop+20,w
  1078     07F0  00B6               	movwf	??_programLoop+22
  1079     07F1  0835               	movf	??_programLoop+21,w
  1080     07F2  00F9               	movwf	programLoop@input
  1081     07F3  0836               	movf	??_programLoop+22,w
  1082     07F4  00FA               	movwf	programLoop@input+1
  1083     07F5                     l822:
  1084                           
  1085                           ;program.c: 36:     ledMatrix_SetDisplay(input);
  1086     07F5  087A               	movf	programLoop@input+1,w
  1087     07F6  00F8               	movwf	ledMatrix_SetDisplay@ledWord+1
  1088     07F7  0879               	movf	programLoop@input,w
  1089     07F8  00F7               	movwf	ledMatrix_SetDisplay@ledWord
  1090     07F9  3187  271C  3187   	fcall	_ledMatrix_SetDisplay
  1091     07FC                     l56:
  1092     07FC  0008               	return
  1093     07FD                     __end_of_programLoop:
  1094                           
  1095                           	psect	text2
  1096     071C                     __ptext2:	
  1097 ;; *************** function _ledMatrix_SetDisplay *****************
  1098 ;; Defined at:
  1099 ;;		line 49 in file "program.c"
  1100 ;; Parameters:    Size  Location     Type
  1101 ;;  ledWord         2    7[COMMON] unsigned short 
  1102 ;; Auto vars:     Size  Location     Type
  1103 ;;  delay           2    0        unsigned short 
  1104 ;; Return value:  Size  Location     Type
  1105 ;;                  1    wreg      void 
  1106 ;; Registers used:
  1107 ;;		wreg, status,2, status,0, pclath, cstack
  1108 ;; Tracked objects:
  1109 ;;		On entry : 0/0
  1110 ;;		On exit  : 0/0
  1111 ;;		Unchanged: 0/0
  1112 ;; Data sizes:     COMMON   BANK0   BANK1   BANK2   BANK3   BANK4   BANK5
  1113 ;;      Params:         2       0       0       0       0       0       0
  1114 ;;      Locals:         0       0       0       0       0       0       0
  1115 ;;      Temps:          0       0       0       0       0       0       0
  1116 ;;      Totals:         2       0       0       0       0       0       0
  1117 ;;Total ram usage:        2 bytes
  1118 ;; Hardware stack levels used: 1
  1119 ;; Hardware stack levels required when called: 2
  1120 ;; This function calls:
  1121 ;;		_delay_x24o25us
  1122 ;;		_ledMatrix_AllOff
  1123 ;; This function is called by:
  1124 ;;		_programLoop
  1125 ;; This function uses a non-reentrant model
  1126 ;;
  1127                           
  1128     071C                     _ledMatrix_SetDisplay:	
  1129                           ;psect for function _ledMatrix_SetDisplay
  1130                           
  1131     071C                     l766:	
  1132                           ;incstack = 0
  1133                           ; Regs used in _ledMatrix_SetDisplay: [wreg+status,2+status,0+pclath+cstack]
  1134                           
  1135     071C                     l768:
  1136                           
  1137                           ;program.c: 54:     ledMatrix_AllOff();
  1138     071C  3186  2697  3187   	fcall	_ledMatrix_AllOff
  1139     071F                     l770:
  1140                           
  1141                           ;program.c: 56:     LATAbits.LATA0 = (_Bool)(ledWord & 0b100000000);
  1142     071F  1878               	btfsc	ledMatrix_SetDisplay@ledWord+1,0
  1143     0720  2F22               	goto	u261
  1144     0721  2F25               	goto	u260
  1145     0722                     u261:
  1146     0722  0022               	movlb	2	; select bank2
  1147     0723  140C               	bsf	12,0	;volatile
  1148     0724  2F27               	goto	u274
  1149     0725                     u260:
  1150     0725  0022               	movlb	2	; select bank2
  1151     0726  100C               	bcf	12,0	;volatile
  1152     0727                     u274:
  1153     0727                     l772:
  1154                           
  1155                           ;program.c: 57:     LATAbits.LATA1 = (_Bool)(ledWord & 0b010000000);
  1156     0727  1BF7               	btfsc	ledMatrix_SetDisplay@ledWord,7
  1157     0728  2F2A               	goto	u281
  1158     0729  2F2D               	goto	u280
  1159     072A                     u281:
  1160     072A  0022               	movlb	2	; select bank2
  1161     072B  148C               	bsf	12,1	;volatile
  1162     072C  2F2F               	goto	u294
  1163     072D                     u280:
  1164     072D  0022               	movlb	2	; select bank2
  1165     072E  108C               	bcf	12,1	;volatile
  1166     072F                     u294:
  1167     072F                     l774:
  1168                           
  1169                           ;program.c: 58:     LATAbits.LATA2 = (_Bool)(ledWord & 0b001000000);
  1170     072F  1B77               	btfsc	ledMatrix_SetDisplay@ledWord,6
  1171     0730  2F32               	goto	u301
  1172     0731  2F35               	goto	u300
  1173     0732                     u301:
  1174     0732  0022               	movlb	2	; select bank2
  1175     0733  150C               	bsf	12,2	;volatile
  1176     0734  2F37               	goto	u314
  1177     0735                     u300:
  1178     0735  0022               	movlb	2	; select bank2
  1179     0736  110C               	bcf	12,2	;volatile
  1180     0737                     u314:
  1181     0737                     l776:
  1182                           
  1183                           ;program.c: 59:     LATAbits.LATA3 = 0;
  1184     0737  118C               	bcf	12,3	;volatile
  1185     0738                     l778:
  1186                           
  1187                           ;program.c: 60:     LATAbits.LATA4 = 1;
  1188     0738  160C               	bsf	12,4	;volatile
  1189     0739                     l780:
  1190                           
  1191                           ;program.c: 61:     LATAbits.LATA5 = 1;
  1192     0739  168C               	bsf	12,5	;volatile
  1193                           
  1194                           ;program.c: 63:     delay_x24o25us(delay);
  1195     073A  30C8               	movlw	200
  1196     073B  00F3               	movwf	delay_x24o25us@delay
  1197     073C  3000               	movlw	0
  1198     073D  00F4               	movwf	delay_x24o25us@delay+1
  1199     073E  3186  26BA  3187   	fcall	_delay_x24o25us
  1200     0741                     l782:
  1201                           
  1202                           ;program.c: 67:     ledMatrix_AllOff();
  1203     0741  3186  2697  3187   	fcall	_ledMatrix_AllOff
  1204     0744                     l784:
  1205                           
  1206                           ;program.c: 69:     LATAbits.LATA0 = (_Bool)(ledWord & 0b000100000);
  1207     0744  1AF7               	btfsc	ledMatrix_SetDisplay@ledWord,5
  1208     0745  2F47               	goto	u321
  1209     0746  2F4A               	goto	u320
  1210     0747                     u321:
  1211     0747  0022               	movlb	2	; select bank2
  1212     0748  140C               	bsf	12,0	;volatile
  1213     0749  2F4C               	goto	u334
  1214     074A                     u320:
  1215     074A  0022               	movlb	2	; select bank2
  1216     074B  100C               	bcf	12,0	;volatile
  1217     074C                     u334:
  1218     074C                     l786:
  1219                           
  1220                           ;program.c: 70:     LATAbits.LATA1 = (_Bool)(ledWord & 0b000010000);
  1221     074C  1A77               	btfsc	ledMatrix_SetDisplay@ledWord,4
  1222     074D  2F4F               	goto	u341
  1223     074E  2F52               	goto	u340
  1224     074F                     u341:
  1225     074F  0022               	movlb	2	; select bank2
  1226     0750  148C               	bsf	12,1	;volatile
  1227     0751  2F54               	goto	u354
  1228     0752                     u340:
  1229     0752  0022               	movlb	2	; select bank2
  1230     0753  108C               	bcf	12,1	;volatile
  1231     0754                     u354:
  1232     0754                     l788:
  1233                           
  1234                           ;program.c: 71:     LATAbits.LATA2 = (_Bool)(ledWord & 0b000001000);
  1235     0754  19F7               	btfsc	ledMatrix_SetDisplay@ledWord,3
  1236     0755  2F57               	goto	u361
  1237     0756  2F5A               	goto	u360
  1238     0757                     u361:
  1239     0757  0022               	movlb	2	; select bank2
  1240     0758  150C               	bsf	12,2	;volatile
  1241     0759  2F5C               	goto	u374
  1242     075A                     u360:
  1243     075A  0022               	movlb	2	; select bank2
  1244     075B  110C               	bcf	12,2	;volatile
  1245     075C                     u374:
  1246     075C                     l790:
  1247                           
  1248                           ;program.c: 72:     LATAbits.LATA3 = 1;
  1249     075C  158C               	bsf	12,3	;volatile
  1250     075D                     l792:
  1251                           
  1252                           ;program.c: 73:     LATAbits.LATA4 = 0;
  1253     075D  120C               	bcf	12,4	;volatile
  1254     075E                     l794:
  1255                           
  1256                           ;program.c: 74:     LATAbits.LATA5 = 1;
  1257     075E  168C               	bsf	12,5	;volatile
  1258     075F                     l796:
  1259                           
  1260                           ;program.c: 76:     delay_x24o25us(delay);
  1261     075F  30C8               	movlw	200
  1262     0760  00F3               	movwf	delay_x24o25us@delay
  1263     0761  3000               	movlw	0
  1264     0762  00F4               	movwf	delay_x24o25us@delay+1
  1265     0763  3186  26BA  3187   	fcall	_delay_x24o25us
  1266                           
  1267                           ;program.c: 80:     ledMatrix_AllOff();
  1268     0766  3186  2697  3187   	fcall	_ledMatrix_AllOff
  1269     0769                     l798:
  1270                           
  1271                           ;program.c: 82:     LATAbits.LATA0 = (_Bool)(ledWord & 0b000000100);
  1272     0769  1977               	btfsc	ledMatrix_SetDisplay@ledWord,2
  1273     076A  2F6C               	goto	u381
  1274     076B  2F6F               	goto	u380
  1275     076C                     u381:
  1276     076C  0022               	movlb	2	; select bank2
  1277     076D  140C               	bsf	12,0	;volatile
  1278     076E  2F71               	goto	u394
  1279     076F                     u380:
  1280     076F  0022               	movlb	2	; select bank2
  1281     0770  100C               	bcf	12,0	;volatile
  1282     0771                     u394:
  1283     0771                     l800:
  1284                           
  1285                           ;program.c: 83:     LATAbits.LATA1 = (_Bool)(ledWord & 0b000000010);
  1286     0771  18F7               	btfsc	ledMatrix_SetDisplay@ledWord,1
  1287     0772  2F74               	goto	u401
  1288     0773  2F77               	goto	u400
  1289     0774                     u401:
  1290     0774  0022               	movlb	2	; select bank2
  1291     0775  148C               	bsf	12,1	;volatile
  1292     0776  2F79               	goto	u414
  1293     0777                     u400:
  1294     0777  0022               	movlb	2	; select bank2
  1295     0778  108C               	bcf	12,1	;volatile
  1296     0779                     u414:
  1297     0779                     l802:
  1298                           
  1299                           ;program.c: 84:     LATAbits.LATA2 = (_Bool)(ledWord & 0b000000001);
  1300     0779  1877               	btfsc	ledMatrix_SetDisplay@ledWord,0
  1301     077A  2F7C               	goto	u421
  1302     077B  2F7F               	goto	u420
  1303     077C                     u421:
  1304     077C  0022               	movlb	2	; select bank2
  1305     077D  150C               	bsf	12,2	;volatile
  1306     077E  2F81               	goto	u434
  1307     077F                     u420:
  1308     077F  0022               	movlb	2	; select bank2
  1309     0780  110C               	bcf	12,2	;volatile
  1310     0781                     u434:
  1311     0781                     l804:
  1312                           
  1313                           ;program.c: 85:     LATAbits.LATA3 = 1;
  1314     0781  158C               	bsf	12,3	;volatile
  1315     0782                     l806:
  1316                           
  1317                           ;program.c: 86:     LATAbits.LATA4 = 1;
  1318     0782  160C               	bsf	12,4	;volatile
  1319     0783                     l808:
  1320                           
  1321                           ;program.c: 87:     LATAbits.LATA5 = 0;
  1322     0783  128C               	bcf	12,5	;volatile
  1323     0784                     l810:
  1324                           
  1325                           ;program.c: 89:     delay_x24o25us(delay);
  1326     0784  30C8               	movlw	200
  1327     0785  00F3               	movwf	delay_x24o25us@delay
  1328     0786  3000               	movlw	0
  1329     0787  00F4               	movwf	delay_x24o25us@delay+1
  1330     0788  3186  26BA  3187   	fcall	_delay_x24o25us
  1331     078B                     l62:
  1332     078B  0008               	return
  1333     078C                     __end_of_ledMatrix_SetDisplay:
  1334                           
  1335                           	psect	text3
  1336     0697                     __ptext3:	
  1337 ;; *************** function _ledMatrix_AllOff *****************
  1338 ;; Defined at:
  1339 ;;		line 40 in file "program.c"
  1340 ;; Parameters:    Size  Location     Type
  1341 ;;		None
  1342 ;; Auto vars:     Size  Location     Type
  1343 ;;		None
  1344 ;; Return value:  Size  Location     Type
  1345 ;;                  1    wreg      void 
  1346 ;; Registers used:
  1347 ;;		None
  1348 ;; Tracked objects:
  1349 ;;		On entry : 0/0
  1350 ;;		On exit  : 0/0
  1351 ;;		Unchanged: 0/0
  1352 ;; Data sizes:     COMMON   BANK0   BANK1   BANK2   BANK3   BANK4   BANK5
  1353 ;;      Params:         0       0       0       0       0       0       0
  1354 ;;      Locals:         0       0       0       0       0       0       0
  1355 ;;      Temps:          0       0       0       0       0       0       0
  1356 ;;      Totals:         0       0       0       0       0       0       0
  1357 ;;Total ram usage:        0 bytes
  1358 ;; Hardware stack levels used: 1
  1359 ;; This function calls:
  1360 ;;		Nothing
  1361 ;; This function is called by:
  1362 ;;		_ledMatrix_SetDisplay
  1363 ;; This function uses a non-reentrant model
  1364 ;;
  1365                           
  1366     0697                     _ledMatrix_AllOff:	
  1367                           ;psect for function _ledMatrix_AllOff
  1368                           
  1369     0697                     l684:	
  1370                           ;incstack = 0
  1371                           ; Regs used in _ledMatrix_AllOff: []
  1372                           
  1373                           
  1374                           ;program.c: 41:     LATAbits.LATA0 = 0;
  1375     0697  0022               	movlb	2	; select bank2
  1376     0698  100C               	bcf	12,0	;volatile
  1377                           
  1378                           ;program.c: 42:     LATAbits.LATA1 = 0;
  1379     0699  108C               	bcf	12,1	;volatile
  1380                           
  1381                           ;program.c: 43:     LATAbits.LATA2 = 0;
  1382     069A  110C               	bcf	12,2	;volatile
  1383                           
  1384                           ;program.c: 44:     LATAbits.LATA3 = 0;
  1385     069B  118C               	bcf	12,3	;volatile
  1386                           
  1387                           ;program.c: 45:     LATAbits.LATA4 = 0;
  1388     069C  120C               	bcf	12,4	;volatile
  1389                           
  1390                           ;program.c: 46:     LATAbits.LATA5 = 0;
  1391     069D  128C               	bcf	12,5	;volatile
  1392     069E                     l59:
  1393     069E  0008               	return
  1394     069F                     __end_of_ledMatrix_AllOff:
  1395                           
  1396                           	psect	text4
  1397     069F                     __ptext4:	
  1398 ;; *************** function _programInitialize *****************
  1399 ;; Defined at:
  1400 ;;		line 20 in file "program.c"
  1401 ;; Parameters:    Size  Location     Type
  1402 ;;		None
  1403 ;; Auto vars:     Size  Location     Type
  1404 ;;		None
  1405 ;; Return value:  Size  Location     Type
  1406 ;;                  1    wreg      void 
  1407 ;; Registers used:
  1408 ;;		wreg, status,2
  1409 ;; Tracked objects:
  1410 ;;		On entry : 0/0
  1411 ;;		On exit  : 0/0
  1412 ;;		Unchanged: 0/0
  1413 ;; Data sizes:     COMMON   BANK0   BANK1   BANK2   BANK3   BANK4   BANK5
  1414 ;;      Params:         0       0       0       0       0       0       0
  1415 ;;      Locals:         0       0       0       0       0       0       0
  1416 ;;      Temps:          0       0       0       0       0       0       0
  1417 ;;      Totals:         0       0       0       0       0       0       0
  1418 ;;Total ram usage:        0 bytes
  1419 ;; Hardware stack levels used: 1
  1420 ;; This function calls:
  1421 ;;		Nothing
  1422 ;; This function is called by:
  1423 ;;		_main
  1424 ;; This function uses a non-reentrant model
  1425 ;;
  1426                           
  1427     069F                     _programInitialize:	
  1428                           ;psect for function _programInitialize
  1429                           
  1430     069F                     l740:	
  1431                           ;incstack = 0
  1432                           ; Regs used in _programInitialize: [wreg+status,2]
  1433                           
  1434                           
  1435                           ;program.c: 21:     TRISA = 0;
  1436     069F  0021               	movlb	1	; select bank1
  1437     06A0  018C               	clrf	12	;volatile
  1438                           
  1439                           ;program.c: 22:     ANSELA = 0;
  1440     06A1  0023               	movlb	3	; select bank3
  1441     06A2  018C               	clrf	12	;volatile
  1442                           
  1443                           ;program.c: 23:     LATA = 0;
  1444     06A3  0022               	movlb	2	; select bank2
  1445     06A4  018C               	clrf	12	;volatile
  1446     06A5                     l742:
  1447                           
  1448                           ;program.c: 26:     TRISB = 0x3F;
  1449     06A5  303F               	movlw	63
  1450     06A6  0021               	movlb	1	; select bank1
  1451     06A7  008D               	movwf	13	;volatile
  1452     06A8                     l744:
  1453                           
  1454                           ;program.c: 27:     ANSELB = 0;
  1455     06A8  0023               	movlb	3	; select bank3
  1456     06A9  018D               	clrf	13	;volatile
  1457     06AA                     l53:
  1458     06AA  0008               	return
  1459     06AB                     __end_of_programInitialize:
  1460                           
  1461                           	psect	text5
  1462     06EF                     __ptext5:	
  1463 ;; *************** function _delay_ms *****************
  1464 ;; Defined at:
  1465 ;;		line 15 in file "program.c"
  1466 ;; Parameters:    Size  Location     Type
  1467 ;;  delay           4    7[COMMON] unsigned long 
  1468 ;; Auto vars:     Size  Location     Type
  1469 ;;  i               4    0[BANK0 ] unsigned long 
  1470 ;; Return value:  Size  Location     Type
  1471 ;;                  1    wreg      void 
  1472 ;; Registers used:
  1473 ;;		wreg, status,2, status,0, pclath, cstack
  1474 ;; Tracked objects:
  1475 ;;		On entry : 0/0
  1476 ;;		On exit  : 0/0
  1477 ;;		Unchanged: 0/0
  1478 ;; Data sizes:     COMMON   BANK0   BANK1   BANK2   BANK3   BANK4   BANK5
  1479 ;;      Params:         4       0       0       0       0       0       0
  1480 ;;      Locals:         0       4       0       0       0       0       0
  1481 ;;      Temps:          0       0       0       0       0       0       0
  1482 ;;      Totals:         4       4       0       0       0       0       0
  1483 ;;Total ram usage:        8 bytes
  1484 ;; Hardware stack levels used: 1
  1485 ;; Hardware stack levels required when called: 2
  1486 ;; This function calls:
  1487 ;;		_delay_x24o25us
  1488 ;; This function is called by:
  1489 ;;		_main
  1490 ;; This function uses a non-reentrant model
  1491 ;;
  1492                           
  1493     06EF                     _delay_ms:	
  1494                           ;psect for function _delay_ms
  1495                           
  1496     06EF                     l812:	
  1497                           ;incstack = 0
  1498                           ; Regs used in _delay_ms: [wreg+status,2+status,0+pclath+cstack]
  1499                           
  1500                           
  1501                           ;program.c: 16:     for(uint32_t i=0; i<delay; i++) delay_x24o25us(41);
  1502     06EF  3000               	movlw	0
  1503     06F0  0020               	movlb	0	; select bank0
  1504     06F1  00A3               	movwf	delay_ms@i+3
  1505     06F2  3000               	movlw	0
  1506     06F3  00A2               	movwf	delay_ms@i+2
  1507     06F4  3000               	movlw	0
  1508     06F5  00A1               	movwf	delay_ms@i+1
  1509     06F6  3000               	movlw	0
  1510     06F7  00A0               	movwf	delay_ms@i
  1511     06F8  2F09               	goto	l818
  1512     06F9                     l814:
  1513     06F9  3029               	movlw	41
  1514     06FA  00F3               	movwf	delay_x24o25us@delay
  1515     06FB  3000               	movlw	0
  1516     06FC  00F4               	movwf	delay_x24o25us@delay+1
  1517     06FD  3186  26BA  3186   	fcall	_delay_x24o25us
  1518     0700                     l816:
  1519     0700  3001               	movlw	1
  1520     0701  0020               	movlb	0	; select bank0
  1521     0702  07A0               	addwf	delay_ms@i,f
  1522     0703  3000               	movlw	0
  1523     0704  3DA1               	addwfc	delay_ms@i+1,f
  1524     0705  3000               	movlw	0
  1525     0706  3DA2               	addwfc	delay_ms@i+2,f
  1526     0707  3000               	movlw	0
  1527     0708  3DA3               	addwfc	delay_ms@i+3,f
  1528     0709                     l818:
  1529     0709  087A               	movf	delay_ms@delay+3,w
  1530     070A  0223               	subwf	delay_ms@i+3,w
  1531     070B  1D03               	skipz
  1532     070C  2F17               	goto	u445
  1533     070D  0879               	movf	delay_ms@delay+2,w
  1534     070E  0222               	subwf	delay_ms@i+2,w
  1535     070F  1D03               	skipz
  1536     0710  2F17               	goto	u445
  1537     0711  0878               	movf	delay_ms@delay+1,w
  1538     0712  0221               	subwf	delay_ms@i+1,w
  1539     0713  1D03               	skipz
  1540     0714  2F17               	goto	u445
  1541     0715  0877               	movf	delay_ms@delay,w
  1542     0716  0220               	subwf	delay_ms@i,w
  1543     0717                     u445:
  1544     0717  1C03               	skipc
  1545     0718  2F1A               	goto	u441
  1546     0719  2F1B               	goto	u440
  1547     071A                     u441:
  1548     071A  2EF9               	goto	l814
  1549     071B                     u440:
  1550     071B                     l50:
  1551     071B  0008               	return
  1552     071C                     __end_of_delay_ms:
  1553                           
  1554                           	psect	text6
  1555     06BA                     __ptext6:	
  1556 ;; *************** function _delay_x24o25us *****************
  1557 ;; Defined at:
  1558 ;;		line 10 in file "program.c"
  1559 ;; Parameters:    Size  Location     Type
  1560 ;;  delay           2    3[COMMON] unsigned short 
  1561 ;; Auto vars:     Size  Location     Type
  1562 ;;  i               2    5[COMMON] unsigned short 
  1563 ;; Return value:  Size  Location     Type
  1564 ;;                  1    wreg      void 
  1565 ;; Registers used:
  1566 ;;		wreg, status,2, status,0, pclath, cstack
  1567 ;; Tracked objects:
  1568 ;;		On entry : 0/0
  1569 ;;		On exit  : 0/0
  1570 ;;		Unchanged: 0/0
  1571 ;; Data sizes:     COMMON   BANK0   BANK1   BANK2   BANK3   BANK4   BANK5
  1572 ;;      Params:         2       0       0       0       0       0       0
  1573 ;;      Locals:         2       0       0       0       0       0       0
  1574 ;;      Temps:          0       0       0       0       0       0       0
  1575 ;;      Totals:         4       0       0       0       0       0       0
  1576 ;;Total ram usage:        4 bytes
  1577 ;; Hardware stack levels used: 1
  1578 ;; Hardware stack levels required when called: 1
  1579 ;; This function calls:
  1580 ;;		_delay_x1o5us
  1581 ;; This function is called by:
  1582 ;;		_delay_ms
  1583 ;;		_ledMatrix_SetDisplay
  1584 ;; This function uses a non-reentrant model
  1585 ;;
  1586                           
  1587     06BA                     _delay_x24o25us:	
  1588                           ;psect for function _delay_x24o25us
  1589                           
  1590     06BA                     l758:	
  1591                           ;incstack = 0
  1592                           ; Regs used in _delay_x24o25us: [wreg+status,2+status,0+pclath+cstack]
  1593                           
  1594                           
  1595                           ;program.c: 11:     for(uint16_t i=0; i<delay; i++) delay_x1o5us(15);
  1596     06BA  01F5               	clrf	delay_x24o25us@i
  1597     06BB  01F6               	clrf	delay_x24o25us@i+1
  1598     06BC  2EC5               	goto	l764
  1599     06BD                     l760:
  1600     06BD  300F               	movlw	15
  1601     06BE  3186  26AB  3186   	fcall	_delay_x1o5us
  1602     06C1                     l762:
  1603     06C1  3001               	movlw	1
  1604     06C2  07F5               	addwf	delay_x24o25us@i,f
  1605     06C3  3000               	movlw	0
  1606     06C4  3DF6               	addwfc	delay_x24o25us@i+1,f
  1607     06C5                     l764:
  1608     06C5  0874               	movf	delay_x24o25us@delay+1,w
  1609     06C6  0276               	subwf	delay_x24o25us@i+1,w
  1610     06C7  1D03               	skipz
  1611     06C8  2ECB               	goto	u255
  1612     06C9  0873               	movf	delay_x24o25us@delay,w
  1613     06CA  0275               	subwf	delay_x24o25us@i,w
  1614     06CB                     u255:
  1615     06CB  1C03               	skipc
  1616     06CC  2ECE               	goto	u251
  1617     06CD  2ECF               	goto	u250
  1618     06CE                     u251:
  1619     06CE  2EBD               	goto	l760
  1620     06CF                     u250:
  1621     06CF                     l44:
  1622     06CF  0008               	return
  1623     06D0                     __end_of_delay_x24o25us:
  1624                           
  1625                           	psect	text7
  1626     06AB                     __ptext7:	
  1627 ;; *************** function _delay_x1o5us *****************
  1628 ;; Defined at:
  1629 ;;		line 5 in file "program.c"
  1630 ;; Parameters:    Size  Location     Type
  1631 ;;  delay           1    wreg     unsigned char 
  1632 ;; Auto vars:     Size  Location     Type
  1633 ;;  delay           1    1[COMMON] unsigned char 
  1634 ;;  i               1    2[COMMON] unsigned char 
  1635 ;; Return value:  Size  Location     Type
  1636 ;;                  1    wreg      void 
  1637 ;; Registers used:
  1638 ;;		wreg, status,2, status,0
  1639 ;; Tracked objects:
  1640 ;;		On entry : 0/0
  1641 ;;		On exit  : 0/0
  1642 ;;		Unchanged: 0/0
  1643 ;; Data sizes:     COMMON   BANK0   BANK1   BANK2   BANK3   BANK4   BANK5
  1644 ;;      Params:         0       0       0       0       0       0       0
  1645 ;;      Locals:         2       0       0       0       0       0       0
  1646 ;;      Temps:          1       0       0       0       0       0       0
  1647 ;;      Totals:         3       0       0       0       0       0       0
  1648 ;;Total ram usage:        3 bytes
  1649 ;; Hardware stack levels used: 1
  1650 ;; This function calls:
  1651 ;;		Nothing
  1652 ;; This function is called by:
  1653 ;;		_delay_x24o25us
  1654 ;; This function uses a non-reentrant model
  1655 ;;
  1656                           
  1657     06AB                     _delay_x1o5us:	
  1658                           ;psect for function _delay_x1o5us
  1659                           
  1660                           
  1661                           ;incstack = 0
  1662                           ; Regs used in _delay_x1o5us: [wreg+status,2+status,0]
  1663                           ;delay_x1o5us@delay stored from wreg
  1664     06AB  00F1               	movwf	delay_x1o5us@delay
  1665     06AC                     l752:
  1666                           
  1667                           ;program.c: 6:     for(uint8_t i=0; i<delay; i++) __nop();
  1668     06AC  01F2               	clrf	delay_x1o5us@i
  1669     06AD  2EB3               	goto	l756
  1670     06AE                     l36:
  1671     06AE  0000               	nop
  1672     06AF                     l754:
  1673     06AF  3001               	movlw	1
  1674     06B0  00F0               	movwf	??_delay_x1o5us
  1675     06B1  0870               	movf	??_delay_x1o5us,w
  1676     06B2  07F2               	addwf	delay_x1o5us@i,f
  1677     06B3                     l756:
  1678     06B3  0871               	movf	delay_x1o5us@delay,w
  1679     06B4  0272               	subwf	delay_x1o5us@i,w
  1680     06B5  1C03               	skipc
  1681     06B6  2EB8               	goto	u241
  1682     06B7  2EB9               	goto	u240
  1683     06B8                     u241:
  1684     06B8  2EAE               	goto	l36
  1685     06B9                     u240:
  1686     06B9                     l38:
  1687     06B9  0008               	return
  1688     06BA                     __end_of_delay_x1o5us:
  1689     007E                     btemp	set	126	;btemp
  1690     007E                     wtemp0	set	126
  1691                           
  1692                           	psect	config
  1693                           
  1694                           ;Config register CONFIG1 @ 0x8007
  1695                           ;	Oscillator Selection
  1696                           ;	FOSC = HS, HS Oscillator, High-speed crystal/resonator connected between OSC1 and OSC2
      +                           pins
  1697                           ;	Watchdog Timer Enable
  1698                           ;	WDTE = OFF, WDT disabled
  1699                           ;	Power-up Timer Enable
  1700                           ;	PWRTE = OFF, PWRT disabled
  1701                           ;	MCLR Pin Function Select
  1702                           ;	MCLRE = ON, MCLR/VPP pin function is MCLR
  1703                           ;	Flash Program Memory Code Protection
  1704                           ;	CP = OFF, Program memory code protection is disabled
  1705                           ;	Data Memory Code Protection
  1706                           ;	CPD = OFF, Data memory code protection is disabled
  1707                           ;	Brown-out Reset Enable
  1708                           ;	BOREN = OFF, Brown-out Reset disabled
  1709                           ;	Clock Out Enable
  1710                           ;	CLKOUTEN = ON, CLKOUT function is enabled on the CLKOUT pin
  1711                           ;	Internal/External Switchover
  1712                           ;	IESO = OFF, Internal/External Switchover mode is disabled
  1713                           ;	Fail-Safe Clock Monitor Enable
  1714                           ;	FCMEN = OFF, Fail-Safe Clock Monitor is disabled
  1715     8007                     	org	32775
  1716     8007  01E2               	dw	482
  1717                           
  1718                           ;Config register CONFIG2 @ 0x8008
  1719                           ;	Flash Memory Self-Write Protection
  1720                           ;	WRT = OFF, Write protection off
  1721                           ;	Voltage Regulator Capacitor Enable bit
  1722                           ;	VCAPEN = OFF, Vcap functionality is disabled on RA6.
  1723                           ;	PLL Enable
  1724                           ;	PLLEN = ON, 4x PLL enabled
  1725                           ;	Stack Overflow/Underflow Reset Enable
  1726                           ;	STVREN = ON, Stack Overflow or Underflow will cause a Reset
  1727                           ;	Brown-out Reset Voltage Selection
  1728                           ;	BORV = LO, Brown-out Reset Voltage (Vbor), low trip point selected.
  1729                           ;	Low Power Brown-Out Reset Enable Bit
  1730                           ;	LPBOR = 0x1, unprogrammed default
  1731                           ;	In-Circuit Debugger Mode
  1732                           ;	DEBUG = OFF, In-Circuit Debugger disabled, ICSPCLK and ICSPDAT are general purpose I/O
      +                           pins
  1733                           ;	Low-Voltage Programming Enable
  1734                           ;	LVP = ON, Low-voltage programming enabled
  1735     8008                     	org	32776
  1736     8008  3FFF               	dw	16383

Data Sizes:
    Strings     0
    Constant    0
    Data        0
    BSS         0
    Persistent  32
    Stack       0

Auto Spaces:
    Space          Size  Autos    Used
    COMMON           14     11      11
    BANK0            80     23      23
    BANK1            80      0       0
    BANK2            80      0       0
    BANK3            80      0       0
    BANK4            80      0       0
    BANK5            80      0       0

Pointer List with Targets:

    None.

Critical Paths under _main in COMMON

    _main->_delay_ms
    _main->_programLoop
    _programLoop->_ledMatrix_SetDisplay
    _ledMatrix_SetDisplay->_delay_x24o25us
    _delay_ms->_delay_x24o25us
    _delay_x24o25us->_delay_x1o5us

Critical Paths under _main in BANK0

    _main->_programLoop

Critical Paths under _main in BANK1

    None.

Critical Paths under _main in BANK2

    None.

Critical Paths under _main in BANK3

    None.

Critical Paths under _main in BANK4

    None.

Critical Paths under _main in BANK5

    None.

Call Graph Tables:

 ---------------------------------------------------------------------------------
 (Depth) Function   	        Calls       Base Space   Used Autos Params    Refs
 ---------------------------------------------------------------------------------
 (0) _main                                                 0     0      0    1354
                           _delay_ms
                  _programInitialize
                        _programLoop
 ---------------------------------------------------------------------------------
 (1) _programLoop                                         25    25      0     760
                                              9 COMMON     2     2      0
                                              0 BANK0     23    23      0
               _ledMatrix_SetDisplay
 ---------------------------------------------------------------------------------
 (2) _ledMatrix_SetDisplay                                 4     2      2     737
                                              7 COMMON     2     0      2
                     _delay_x24o25us
                   _ledMatrix_AllOff
 ---------------------------------------------------------------------------------
 (3) _ledMatrix_AllOff                                     0     0      0       0
 ---------------------------------------------------------------------------------
 (1) _programInitialize                                    0     0      0       0
 ---------------------------------------------------------------------------------
 (1) _delay_ms                                             8     4      4     594
                                              7 COMMON     4     0      4
                                              0 BANK0      4     4      0
                     _delay_x24o25us
 ---------------------------------------------------------------------------------
 (3) _delay_x24o25us                                       4     2      2     396
                                              3 COMMON     4     2      2
                       _delay_x1o5us
 ---------------------------------------------------------------------------------
 (4) _delay_x1o5us                                         3     3      0      46
                                              0 COMMON     3     3      0
 ---------------------------------------------------------------------------------
 Estimated maximum stack depth 4
 ---------------------------------------------------------------------------------

 Call Graph Graphs:

 _main (ROOT)
   _delay_ms
     _delay_x24o25us
       _delay_x1o5us
   _programInitialize
   _programLoop
     _ledMatrix_SetDisplay
       _delay_x24o25us
       _ledMatrix_AllOff

 Address spaces:
Name               Size   Autos  Total    Cost      Usage
BIGRAM             1E0      0       0       0        0.0%
EEDATA             100      0       0       0        0.0%
NULL                 0      0       0       0        0.0%
CODE                 0      0       0       0        0.0%
BITCOMMON            E      0       0       1        0.0%
BITSFR0              0      0       0       1        0.0%
SFR0                 0      0       0       1        0.0%
COMMON               E      B       B       2       78.6%
BITSFR1              0      0       0       2        0.0%
SFR1                 0      0       0       2        0.0%
BITSFR2              0      0       0       3        0.0%
SFR2                 0      0       0       3        0.0%
STACK                0      0       0       3        0.0%
BITBANK0            50      0       0       4        0.0%
BITSFR3              0      0       0       4        0.0%
SFR3                 0      0       0       4        0.0%
BANK0               50     17      17       5       28.7%
BITSFR4              0      0       0       5        0.0%
SFR4                 0      0       0       5        0.0%
BITSFR5              0      0       0       6        0.0%
SFR5                 0      0       0       6        0.0%
ABS                  0      0       0       6        0.0%
BITBANK1            50      0       0       7        0.0%
BITSFR6              0      0       0       7        0.0%
SFR6                 0      0       0       7        0.0%
BANK1               50      0       0       8        0.0%
BITSFR7              0      0       0       8        0.0%
SFR7                 0      0       0       8        0.0%
BITBANK2            50      0       0       9        0.0%
BITSFR8              0      0       0       9        0.0%
SFR8                 0      0       0       9        0.0%
BANK2               50      0       0      10        0.0%
BITSFR9              0      0       0      10        0.0%
SFR9                 0      0       0      10        0.0%
BITBANK3            50      0       0      11        0.0%
BITSFR10             0      0       0      11        0.0%
SFR10                0      0       0      11        0.0%
BANK3               50      0       0      12        0.0%
BITSFR11             0      0       0      12        0.0%
SFR11                0      0       0      12        0.0%
BITBANK4            50      0       0      13        0.0%
BITSFR12             0      0       0      13        0.0%
SFR12                0      0       0      13        0.0%
BANK4               50      0       0      14        0.0%
BITSFR13             0      0       0      14        0.0%
SFR13                0      0       0      14        0.0%
BITBANK5            50      0       0      15        0.0%
BITSFR14             0      0       0      15        0.0%
SFR14                0      0       0      15        0.0%
BANK5               50      0       0      16        0.0%
BITSFR15             0      0       0      16        0.0%
SFR15                0      0       0      16        0.0%
BITSFR16             0      0       0      17        0.0%
SFR16                0      0       0      17        0.0%
DATA                 0      0       0      17        0.0%
BITSFR17             0      0       0      18        0.0%
SFR17                0      0       0      18        0.0%
BITSFR18             0      0       0      19        0.0%
SFR18                0      0       0      19        0.0%
BITSFR19             0      0       0      20        0.0%
SFR19                0      0       0      20        0.0%
BITSFR20             0      0       0      21        0.0%
SFR20                0      0       0      21        0.0%
BITSFR21             0      0       0      22        0.0%
SFR21                0      0       0      22        0.0%
BITSFR22             0      0       0      23        0.0%
SFR22                0      0       0      23        0.0%
BITSFR23             0      0       0      24        0.0%
SFR23                0      0       0      24        0.0%
BITSFR24             0      0       0      25        0.0%
SFR24                0      0       0      25        0.0%
BITSFR25             0      0       0      26        0.0%
SFR25                0      0       0      26        0.0%
BITSFR26             0      0       0      27        0.0%
SFR26                0      0       0      27        0.0%
BITSFR27             0      0       0      28        0.0%
SFR27                0      0       0      28        0.0%
BITSFR28             0      0       0      29        0.0%
SFR28                0      0       0      29        0.0%
BITSFR29             0      0       0      30        0.0%
SFR29                0      0       0      30        0.0%
BITSFR30             0      0       0      31        0.0%
SFR30                0      0       0      31        0.0%
BITSFR31             0      0       0      32        0.0%
SFR31                0      0       0      32        0.0%


Microchip Technology PIC Macro Assembler V2.46 build 20240104201356 
Symbol Table                                                                                   Wed Oct 23 07:56:14 2024

                          l11 06E9                            l50 071B                            l36 06AE  
                          l44 06CF                            l53 06AA                            l38 06B9  
                          l62 078B                            l56 07FC                            l59 069E  
                         l800 0771                           l810 0784                           l802 0779  
                         l812 06EF                           l740 069F                           l804 0781  
                         l820 078C                           l814 06F9                           l742 06A5  
                         l806 0782                           l822 07F5                           l752 06AC  
                         l760 06BD                           l816 0700                           l744 06A8  
                         l808 0783                           l824 06D0                           l754 06AF  
                         l762 06C1                           l818 0709                           l770 071F  
                         l756 06B3                           l764 06C5                           l684 0697  
                         l780 0739                           l772 0727                           l758 06BA  
                         l790 075C                           l782 0741                           l774 072F  
                         l766 071C                           l792 075D                           l784 0744  
                         l776 0737                           l768 071C                           l794 075E  
                         l786 074C                           l778 0738                           l796 075F  
                         l788 0754                           l798 0769                           u300 0735  
                         u301 0732                           u240 06B9                           u400 0777  
                         u320 074A                           u241 06B8                           u401 0774  
                         u321 0747                           u250 06CF                           u314 0737  
                         u251 06CE                           u420 077F                           u340 0752  
                         u260 0725                           u421 077C                           u341 074F  
                         u261 0722                           u414 0779                           u334 074C  
                         u255 06CB                           u440 071B                           u360 075A  
                         u280 072D                           u441 071A                           u361 0757  
                         u281 072A                           u434 0781                           u354 0754  
                         u274 0727                           u380 076F                           u445 0717  
                         u381 076C                           u374 075C                           u294 072F  
                         u455 07B9                           u465 07C5                           u394 0771  
                         wreg 0009                          _LATA 010C                          _main 06D0  
                        btemp 007E                          start 0002          __end_of_delay_x1o5us 06BA  
__end_of_ledMatrix_SetDisplay 078C                         ?_main 0070                         _TRISA 008C  
                       _TRISB 008D           delay_x24o25us@delay 0073                         wtemp0 007E  
             __initialization 07FD             ?_ledMatrix_AllOff 0070                  __end_of_main 06EF  
          ??_ledMatrix_AllOff 0070                        ??_main 007B                        _ANSELA 018C  
                      _ANSELB 018D              __end_of_delay_ms 071C             delay_x1o5us@delay 0071  
              _delay_x24o25us 06BA       __end_of__initialization 07FD          _ledMatrix_SetDisplay 071C  
                ?_programLoop 0070                __pcstackCOMMON 0070        __end_of_delay_x24o25us 06D0  
                _delay_x1o5us 06AB         ?_ledMatrix_SetDisplay 0077             _programInitialize 069F  
                  __pmaintext 06D0            ?_programInitialize 0070               ?_delay_x24o25us 0073  
         ??_programInitialize 0070                     ?_delay_ms 0077     __end_of_programInitialize 06AB  
                     __ptext1 078C                       __ptext2 071C                       __ptext3 0697  
                     __ptext4 069F                       __ptext5 06EF                       __ptext6 06BA  
                     __ptext7 06AB                    ??_delay_ms 007B          end_of_initialization 07FD  
      ??_ledMatrix_SetDisplay 0079                     _PORTBbits 000D              programLoop@input 0079  
               delay_x1o5us@i 0072                 delay_ms@delay 0077           start_initialization 07FD  
            ??_delay_x24o25us 0075                     ___latbits 0001                 __pcstackBANK0 0020  
            _ledMatrix_AllOff 0697                      _LATAbits 010C                     delay_ms@i 0020  
 ledMatrix_SetDisplay@ledWord 0077                 ??_programLoop 0020                      _delay_ms 06EF  
               ?_delay_x1o5us 0070      __end_of_ledMatrix_AllOff 069F           __end_of_programLoop 07FD  
              ??_delay_x1o5us 0070               delay_x24o25us@i 0075                   _programLoop 078C  
